[2020-07-08T10:06:21.834] [DEBUG] cheese - login => username:admin,password:123456
[2020-07-08T10:06:21.836] [DEBUG] cheese - admin
[2020-07-08T10:06:21.913] [DEBUG] cheese - null
[2020-07-08T10:06:21.929] [DEBUG] cheese - null
[2020-07-08T10:07:47.494] [DEBUG] cheese - login => username:admin,password:123456
[2020-07-08T10:07:47.495] [DEBUG] cheese - admin
[2020-07-08T10:07:47.501] [DEBUG] cheese - null
[2020-07-08T10:07:47.502] [DEBUG] cheese - null
[2020-07-08T10:09:58.421] [DEBUG] cheese - login => username:admin,password:123456
[2020-07-08T10:09:58.421] [DEBUG] cheese - admin
[2020-07-08T10:09:58.433] [DEBUG] cheese - null
[2020-07-08T10:09:58.434] [DEBUG] cheese - null
[2020-07-08T10:10:31.976] [DEBUG] cheese - login => username:admin,password:123456
[2020-07-08T10:10:31.977] [DEBUG] cheese - admin
[2020-07-08T10:10:31.985] [DEBUG] cheese - null
[2020-07-08T10:10:31.985] [DEBUG] cheese - null
[2020-07-08T10:10:35.091] [DEBUG] cheese - login => username:admin,password:123456
[2020-07-08T10:10:35.092] [DEBUG] cheese - admin
[2020-07-08T10:10:35.102] [DEBUG] cheese - null
[2020-07-08T10:10:35.102] [DEBUG] cheese - null
[2020-07-08T10:12:41.691] [DEBUG] cheese - login => username:admin,password:123456
[2020-07-08T10:12:41.692] [DEBUG] cheese - admin
[2020-07-08T10:12:41.702] [DEBUG] cheese - null
[2020-07-08T10:12:41.718] [DEBUG] cheese - null
[2020-07-08T19:52:18.635] [DEBUG] cheese - login => username:admin,password:123456
[2020-07-08T19:52:18.637] [DEBUG] cheese - admin
[2020-07-08T19:52:18.663] [DEBUG] cheese - null
[2020-07-08T19:52:18.665] [DEBUG] cheese - null
[2020-07-08T19:57:50.146] [DEBUG] cheese - login => username:aaa,password:aaaaaa
[2020-07-08T19:57:50.147] [DEBUG] cheese - aaa
[2020-07-08T19:57:50.150] [DEBUG] cheese - null
[2020-07-08T19:57:50.150] [DEBUG] cheese - null
[2020-07-08T19:58:00.771] [DEBUG] cheese - login => username:admin,password:123456
[2020-07-08T19:58:00.772] [DEBUG] cheese - admin
[2020-07-08T19:58:00.778] [DEBUG] cheese - null
[2020-07-08T19:58:00.779] [DEBUG] cheese - null
[2020-07-08T19:59:22.613] [DEBUG] cheese - login => username:aaa,password:aaaaaaa
[2020-07-08T19:59:22.613] [DEBUG] cheese - aaa
[2020-07-08T19:59:22.614] [DEBUG] cheese - null
[2020-07-08T19:59:22.615] [DEBUG] cheese - null
[2020-07-08T19:59:43.984] [DEBUG] cheese - login => username:aaa,password:aaaaaa
[2020-07-08T19:59:43.985] [DEBUG] cheese - aaa
[2020-07-08T19:59:43.990] [DEBUG] cheese - null
[2020-07-08T19:59:43.991] [DEBUG] cheese - null
[2020-07-08T20:03:30.935] [DEBUG] cheese - login => username:admin,password:123456
[2020-07-08T20:03:30.935] [DEBUG] cheese - admin
[2020-07-08T20:03:30.943] [DEBUG] cheese - null
[2020-07-08T20:03:30.943] [DEBUG] cheese - null
[2020-07-08T20:06:16.276] [DEBUG] cheese - login => username:admmin,password:adasfdgdfg
[2020-07-08T20:06:16.277] [DEBUG] cheese - admmin
[2020-07-08T20:06:16.281] [DEBUG] cheese - null
[2020-07-08T20:06:16.282] [DEBUG] cheese - null
[2020-07-08T20:07:48.446] [DEBUG] cheese - login => username:admin,password:admina
[2020-07-08T20:07:48.449] [DEBUG] cheese - admin
[2020-07-08T20:07:48.454] [DEBUG] cheese - null
[2020-07-08T20:07:48.454] [DEBUG] cheese - null
[2020-07-08T20:08:41.284] [DEBUG] cheese - login => username:aaaaaaaaa,password:aaaaaaaa
[2020-07-08T20:08:41.284] [DEBUG] cheese - aaaaaaaaa
[2020-07-08T20:08:41.289] [DEBUG] cheese - null
[2020-07-08T20:08:41.289] [DEBUG] cheese - null
[2020-07-08T20:08:49.709] [DEBUG] cheese - login => username:aaaaaaaaa,password:aaaaaaaaaa
[2020-07-08T20:08:49.710] [DEBUG] cheese - aaaaaaaaa
[2020-07-08T20:08:49.717] [DEBUG] cheese - null
[2020-07-08T20:08:49.717] [DEBUG] cheese - null
[2020-07-08T20:09:28.654] [DEBUG] cheese - login => username:aaaaaa,password:aaaaaaaaaaaa
[2020-07-08T20:09:28.654] [DEBUG] cheese - aaaaaa
[2020-07-08T20:09:28.659] [DEBUG] cheese - null
[2020-07-08T20:09:28.659] [DEBUG] cheese - null
[2020-07-08T20:09:40.643] [DEBUG] cheese - login => username:aaaaaa,password:aaaaaa
[2020-07-08T20:09:40.644] [DEBUG] cheese - aaaaaa
[2020-07-08T20:09:40.657] [DEBUG] cheese - null
[2020-07-08T20:09:40.658] [DEBUG] cheese - null
[2020-07-08T20:12:32.422] [DEBUG] cheese - login => username:admin,password:123456
[2020-07-08T20:12:32.423] [DEBUG] cheese - admin
[2020-07-08T20:12:32.426] [DEBUG] cheese - null
[2020-07-08T20:12:32.426] [DEBUG] cheese - null
[2020-07-08T20:14:17.519] [DEBUG] cheese - login => username:admin,password:123456
[2020-07-08T20:14:17.520] [DEBUG] cheese - admin
[2020-07-08T20:14:17.528] [DEBUG] cheese - null
[2020-07-08T20:14:17.529] [DEBUG] cheese - null
[2020-07-08T20:14:29.103] [DEBUG] cheese - login => username:admin,password:123456
[2020-07-08T20:14:29.104] [DEBUG] cheese - admin
[2020-07-08T20:14:29.112] [DEBUG] cheese - null
[2020-07-08T20:14:29.113] [DEBUG] cheese - null
[2020-07-08T20:14:50.470] [DEBUG] cheese - login => username:admin,password:123456
[2020-07-08T20:14:50.470] [DEBUG] cheese - admin
[2020-07-08T20:14:50.474] [DEBUG] cheese - null
[2020-07-08T20:14:50.476] [DEBUG] cheese - null
[2020-07-08T20:15:14.071] [DEBUG] cheese - login => username:admin,password:123456
[2020-07-08T20:15:14.071] [DEBUG] cheese - admin
[2020-07-08T20:15:14.076] [DEBUG] cheese - null
[2020-07-08T20:15:14.077] [DEBUG] cheese - null
[2020-07-08T20:16:02.172] [DEBUG] cheese - login => username:admin,password:123456
[2020-07-08T20:16:02.172] [DEBUG] cheese - admin
[2020-07-08T20:16:02.181] [DEBUG] cheese - null
[2020-07-08T20:16:02.181] [DEBUG] cheese - null
[2020-07-08T20:16:02.324] [DEBUG] cheese - login => username:admin,password:123456
[2020-07-08T20:16:02.324] [DEBUG] cheese - admin
[2020-07-08T20:16:02.326] [DEBUG] cheese - null
[2020-07-08T20:16:02.326] [DEBUG] cheese - null
[2020-07-08T20:16:26.944] [DEBUG] cheese - login => username:admin,password:123456
[2020-07-08T20:16:26.944] [DEBUG] cheese - admin
[2020-07-08T20:16:26.949] [DEBUG] cheese - null
[2020-07-08T20:16:26.949] [DEBUG] cheese - null
[2020-07-08T20:16:27.485] [DEBUG] cheese - login => username:admin,password:123456
[2020-07-08T20:16:27.485] [DEBUG] cheese - admin
[2020-07-08T20:16:27.490] [DEBUG] cheese - null
[2020-07-08T20:16:27.490] [DEBUG] cheese - null
[2020-07-08T20:47:59.575] [DEBUG] cheese - login => username:admin,password:123456a
[2020-07-08T20:47:59.575] [DEBUG] cheese - admin
[2020-07-08T20:47:59.577] [DEBUG] cheese - null
[2020-07-08T20:47:59.578] [DEBUG] cheese - null
[2020-07-08T20:48:07.176] [DEBUG] cheese - login => username:admin,password:123456a
[2020-07-08T20:48:07.176] [DEBUG] cheese - admin
[2020-07-08T20:48:07.182] [DEBUG] cheese - null
[2020-07-08T20:48:07.182] [DEBUG] cheese - null
[2020-07-08T20:48:08.125] [DEBUG] cheese - login => username:admin,password:123456a
[2020-07-08T20:48:08.125] [DEBUG] cheese - admin
[2020-07-08T20:48:08.128] [DEBUG] cheese - null
[2020-07-08T20:48:08.129] [DEBUG] cheese - null
[2020-07-08T20:48:08.315] [DEBUG] cheese - login => username:admin,password:123456a
[2020-07-08T20:48:08.315] [DEBUG] cheese - admin
[2020-07-08T20:48:08.320] [DEBUG] cheese - null
[2020-07-08T20:48:08.321] [DEBUG] cheese - null
[2020-07-08T20:48:16.750] [DEBUG] cheese - login => username:admin,password:123456a
[2020-07-08T20:48:16.750] [DEBUG] cheese - admin
[2020-07-08T20:48:16.759] [DEBUG] cheese - null
[2020-07-08T20:48:16.759] [DEBUG] cheese - null
[2020-07-08T20:48:17.339] [DEBUG] cheese - login => username:admin,password:123456a
[2020-07-08T20:48:17.340] [DEBUG] cheese - admin
[2020-07-08T20:48:17.347] [DEBUG] cheese - null
[2020-07-08T20:48:17.347] [DEBUG] cheese - null
[2020-07-08T20:48:17.506] [DEBUG] cheese - login => username:admin,password:123456a
[2020-07-08T20:48:17.506] [DEBUG] cheese - admin
[2020-07-08T20:48:17.510] [DEBUG] cheese - null
[2020-07-08T20:48:17.510] [DEBUG] cheese - null
[2020-07-08T20:48:17.726] [DEBUG] cheese - login => username:admin,password:123456a
[2020-07-08T20:48:17.726] [DEBUG] cheese - admin
[2020-07-08T20:48:17.731] [DEBUG] cheese - null
[2020-07-08T20:48:17.731] [DEBUG] cheese - null
[2020-07-08T20:48:17.945] [DEBUG] cheese - login => username:admin,password:123456a
[2020-07-08T20:48:17.945] [DEBUG] cheese - admin
[2020-07-08T20:48:17.950] [DEBUG] cheese - null
[2020-07-08T20:48:17.950] [DEBUG] cheese - null
[2020-07-08T20:48:31.476] [DEBUG] cheese - login => username:admin,password:123456a
[2020-07-08T20:48:31.477] [DEBUG] cheese - admin
[2020-07-08T20:48:31.483] [DEBUG] cheese - null
[2020-07-08T20:48:31.484] [DEBUG] cheese - null
[2020-07-08T20:49:25.452] [DEBUG] cheese - login => username:admin,password:123456
[2020-07-08T20:49:25.453] [DEBUG] cheese - admin
[2020-07-08T20:49:25.463] [DEBUG] cheese - null
[2020-07-08T20:49:25.464] [DEBUG] cheese - null
[2020-07-08T20:49:32.629] [DEBUG] cheese - login => username:admin,password:123456
[2020-07-08T20:49:32.629] [DEBUG] cheese - admin
[2020-07-08T20:49:32.632] [DEBUG] cheese - null
[2020-07-08T20:49:32.633] [DEBUG] cheese - null
[2020-07-08T20:50:18.909] [DEBUG] cheese - login => username:admin,password:123456
[2020-07-08T20:50:18.909] [DEBUG] cheese - admin
[2020-07-08T20:50:18.913] [DEBUG] cheese - null
[2020-07-08T20:50:18.913] [DEBUG] cheese - null
[2020-07-08T20:51:12.294] [DEBUG] cheese - login => username:admin,password:123456
[2020-07-08T20:51:12.294] [DEBUG] cheese - admin
[2020-07-08T20:51:12.296] [DEBUG] cheese - null
[2020-07-08T20:51:12.297] [DEBUG] cheese - null
[2020-07-08T20:51:13.587] [DEBUG] cheese - login => username:admin,password:123456
[2020-07-08T20:51:13.587] [DEBUG] cheese - admin
[2020-07-08T20:51:13.592] [DEBUG] cheese - null
[2020-07-08T20:51:13.593] [DEBUG] cheese - null
[2020-07-08T20:51:14.016] [DEBUG] cheese - login => username:admin,password:123456
[2020-07-08T20:51:14.017] [DEBUG] cheese - admin
[2020-07-08T20:51:14.036] [DEBUG] cheese - null
[2020-07-08T20:51:14.039] [DEBUG] cheese - null
[2020-07-08T20:52:12.940] [DEBUG] cheese - login => username:admin,password:123456
[2020-07-08T20:52:12.941] [DEBUG] cheese - admin
[2020-07-08T20:52:12.949] [DEBUG] cheese - null
[2020-07-08T20:52:12.950] [DEBUG] cheese - null
[2020-07-08T20:52:30.571] [DEBUG] cheese - login => username:admin,password:123456
[2020-07-08T20:52:30.571] [DEBUG] cheese - admin
[2020-07-08T20:52:30.576] [DEBUG] cheese - null
[2020-07-08T20:52:30.577] [DEBUG] cheese - null
[2020-07-08T20:52:32.031] [DEBUG] cheese - login => username:admin,password:123456a
[2020-07-08T20:52:32.031] [DEBUG] cheese - admin
[2020-07-08T20:52:32.037] [DEBUG] cheese - null
[2020-07-08T20:52:32.037] [DEBUG] cheese - null
[2020-07-08T20:58:43.214] [DEBUG] cheese - login => username:admin,password:123456a
[2020-07-08T20:58:43.214] [DEBUG] cheese - admin
[2020-07-08T20:58:43.217] [DEBUG] cheese - null
[2020-07-08T20:58:43.218] [DEBUG] cheese - null
[2020-07-08T21:04:47.490] [DEBUG] cheese - login => username:admin,password:123456
[2020-07-08T21:04:47.491] [DEBUG] cheese - admin
[2020-07-08T21:04:47.495] [DEBUG] cheese - null
[2020-07-08T21:04:47.496] [DEBUG] cheese - null
[2020-07-08T21:05:43.872] [DEBUG] cheese - login => username:admin,password:123456
[2020-07-08T21:05:43.873] [DEBUG] cheese - admin
[2020-07-08T21:05:43.877] [DEBUG] cheese - null
[2020-07-08T21:05:43.878] [DEBUG] cheese - null
[2020-07-08T21:24:07.505] [DEBUG] cheese - login => username:admin,password:123456
[2020-07-08T21:24:07.505] [DEBUG] cheese - admin
[2020-07-08T21:24:07.509] [DEBUG] cheese - null
[2020-07-08T21:24:07.509] [DEBUG] cheese - null
[2020-07-08T21:32:26.809] [DEBUG] cheese - login => username:admin,password:123456
[2020-07-08T21:32:26.810] [DEBUG] cheese - admin
[2020-07-08T21:32:26.815] [DEBUG] cheese - null
[2020-07-08T21:32:26.817] [DEBUG] cheese - null
[2020-07-08T21:36:35.721] [DEBUG] cheese - login => username:admin,password:123456
[2020-07-08T21:36:35.721] [DEBUG] cheese - admin
[2020-07-08T21:36:35.725] [DEBUG] cheese - null
[2020-07-08T21:36:35.725] [DEBUG] cheese - null
[2020-07-08T21:37:06.100] [DEBUG] cheese - login => username:admin,password:123456
[2020-07-08T21:37:06.100] [DEBUG] cheese - admin
[2020-07-08T21:37:06.105] [DEBUG] cheese - null
[2020-07-08T21:37:06.106] [DEBUG] cheese - null
[2020-07-08T21:39:17.013] [DEBUG] cheese - login => username:admin,password:123456
[2020-07-08T21:39:17.013] [DEBUG] cheese - admin
[2020-07-08T21:39:17.018] [DEBUG] cheese - null
[2020-07-08T21:39:17.018] [DEBUG] cheese - null
[2020-07-08T22:29:07.552] [DEBUG] cheese - login => username:admin,password:123456
[2020-07-08T22:29:07.552] [DEBUG] cheese - admin
[2020-07-08T22:29:07.554] [DEBUG] cheese - null
[2020-07-08T22:29:07.554] [DEBUG] cheese - null
[2020-07-08T22:33:16.412] [DEBUG] cheese - login => username:admin,password:123456
[2020-07-08T22:33:16.412] [DEBUG] cheese - admin
[2020-07-08T22:33:16.417] [DEBUG] cheese - null
[2020-07-08T22:33:16.418] [DEBUG] cheese - null
[2020-07-08T23:01:01.811] [DEBUG] cheese - login => username:admin,password:123456
[2020-07-08T23:01:01.811] [DEBUG] cheese - admin
[2020-07-08T23:01:01.821] [DEBUG] cheese - null
[2020-07-08T23:01:01.821] [DEBUG] cheese - null
[2020-07-09T09:02:03.764] [DEBUG] cheese - login => username:admin,password:123456
[2020-07-09T09:02:03.766] [DEBUG] cheese - admin
[2020-07-09T09:02:03.778] [DEBUG] cheese - null
[2020-07-09T09:02:03.778] [DEBUG] cheese - null
[2020-07-09T09:16:33.916] [DEBUG] cheese - login => username:admin,password:123456
[2020-07-09T09:16:33.916] [DEBUG] cheese - admin
[2020-07-09T09:16:33.918] [DEBUG] cheese - null
[2020-07-09T09:16:33.919] [DEBUG] cheese - null
[2020-07-09T09:19:39.878] [DEBUG] cheese - login => username:admin,password:123456
[2020-07-09T09:19:39.879] [DEBUG] cheese - admin
[2020-07-09T09:19:39.887] [DEBUG] cheese - null
[2020-07-09T09:19:39.888] [DEBUG] cheese - null
[2020-07-09T09:19:44.335] [DEBUG] cheese - login => username:admin,password:123456
[2020-07-09T09:19:44.336] [DEBUG] cheese - admin
[2020-07-09T09:19:44.345] [DEBUG] cheese - null
[2020-07-09T09:19:44.346] [DEBUG] cheese - null
[2020-07-09T09:32:15.538] [DEBUG] cheese - login => username:admin,password:123456
[2020-07-09T09:32:15.540] [DEBUG] cheese - admin
[2020-07-09T09:32:15.543] [DEBUG] cheese - null
[2020-07-09T09:32:15.544] [DEBUG] cheese - null
[2020-07-09T09:32:20.431] [DEBUG] cheese - login => username:admin,password:123456
[2020-07-09T09:32:20.431] [DEBUG] cheese - admin
[2020-07-09T09:32:20.435] [DEBUG] cheese - null
[2020-07-09T09:32:20.436] [DEBUG] cheese - null
[2020-07-09T09:32:21.233] [DEBUG] cheese - login => username:admin,password:123456
[2020-07-09T09:32:21.233] [DEBUG] cheese - admin
[2020-07-09T09:32:21.236] [DEBUG] cheese - null
[2020-07-09T09:32:21.236] [DEBUG] cheese - null
[2020-07-09T09:32:29.024] [DEBUG] cheese - login => username:admin,password:123456
[2020-07-09T09:32:29.025] [DEBUG] cheese - admin
[2020-07-09T09:32:29.035] [DEBUG] cheese - null
[2020-07-09T09:32:29.036] [DEBUG] cheese - null
[2020-07-09T09:32:47.456] [DEBUG] cheese - login => username:admin,password:123456
[2020-07-09T09:32:47.456] [DEBUG] cheese - admin
[2020-07-09T09:32:47.459] [DEBUG] cheese - null
[2020-07-09T09:32:47.459] [DEBUG] cheese - null
[2020-07-09T09:33:03.127] [DEBUG] cheese - login => username:admin,password:123456
[2020-07-09T09:33:03.127] [DEBUG] cheese - admin
[2020-07-09T09:33:03.132] [DEBUG] cheese - null
[2020-07-09T09:33:03.132] [DEBUG] cheese - null
[2020-07-09T09:33:49.803] [DEBUG] cheese - login => username:admina,password:123456
[2020-07-09T09:33:49.803] [DEBUG] cheese - admina
[2020-07-09T09:33:49.808] [DEBUG] cheese - null
[2020-07-09T09:33:49.808] [DEBUG] cheese - null
[2020-07-09T09:33:53.102] [DEBUG] cheese - login => username:admin,password:123456
[2020-07-09T09:33:53.102] [DEBUG] cheese - admin
[2020-07-09T09:33:53.105] [DEBUG] cheese - null
[2020-07-09T09:33:53.106] [DEBUG] cheese - null
[2020-07-09T09:41:24.559] [DEBUG] cheese - login => username:admin,password:123456
[2020-07-09T09:41:24.559] [DEBUG] cheese - admin
[2020-07-09T09:41:24.563] [DEBUG] cheese - null
[2020-07-09T09:41:24.563] [DEBUG] cheese - null
[2020-07-09T09:43:26.751] [DEBUG] cheese - login => username:admin,password:123456
[2020-07-09T09:43:26.752] [DEBUG] cheese - admin
[2020-07-09T09:43:26.759] [DEBUG] cheese - null
[2020-07-09T09:43:26.760] [DEBUG] cheese - null
[2020-07-09T10:09:16.706] [DEBUG] cheese - login => username:admin,password:123456
[2020-07-09T10:09:16.706] [DEBUG] cheese - admin
[2020-07-09T10:09:16.708] [DEBUG] cheese - null
[2020-07-09T10:09:16.708] [DEBUG] cheese - null
[2020-07-09T10:10:10.441] [DEBUG] cheese - login => username:admin,password:123456
[2020-07-09T10:10:10.441] [DEBUG] cheese - admin
[2020-07-09T10:10:10.446] [DEBUG] cheese - null
[2020-07-09T10:10:10.447] [DEBUG] cheese - null
[2020-07-09T10:10:13.179] [DEBUG] cheese - login => username:admin,password:123456
[2020-07-09T10:10:13.179] [DEBUG] cheese - admin
[2020-07-09T10:10:13.182] [DEBUG] cheese - null
[2020-07-09T10:10:13.182] [DEBUG] cheese - null
[2020-07-09T10:25:57.557] [DEBUG] cheese - login => username:admin,password:123456
[2020-07-09T10:25:57.557] [DEBUG] cheese - admin
[2020-07-09T10:25:57.562] [DEBUG] cheese - null
[2020-07-09T10:25:57.562] [DEBUG] cheese - null
[2020-07-09T15:27:23.267] [DEBUG] cheese - login => username:admin,password:123456
[2020-07-09T15:27:23.267] [DEBUG] cheese - admin
[2020-07-09T15:27:23.269] [DEBUG] cheese - null
[2020-07-09T15:27:23.269] [DEBUG] cheese - null
[2020-07-09T15:27:50.089] [DEBUG] cheese - login => username:admin,password:123456
[2020-07-09T15:27:50.089] [DEBUG] cheese - admin
[2020-07-09T15:27:50.091] [DEBUG] cheese - null
[2020-07-09T15:27:50.091] [DEBUG] cheese - null
[2020-07-09T15:36:05.610] [DEBUG] cheese - login => username:admin,password:123456
[2020-07-09T15:36:05.610] [DEBUG] cheese - admin
[2020-07-09T15:36:05.614] [DEBUG] cheese - null
[2020-07-09T15:36:05.615] [DEBUG] cheese - null
[2020-07-09T19:36:27.159] [DEBUG] cheese - login => username:admin,password:123456
[2020-07-09T19:36:27.159] [DEBUG] cheese - admin
[2020-07-09T19:36:27.168] [DEBUG] cheese - null
[2020-07-09T19:36:27.168] [DEBUG] cheese - null
[2020-07-10T21:23:59.611] [DEBUG] cheese - login => username:admin,password:123456
[2020-07-10T21:23:59.611] [DEBUG] cheese - admin
[2020-07-10T21:23:59.616] [DEBUG] cheese - null
[2020-07-10T21:23:59.616] [DEBUG] cheese - null
[2020-07-11T12:50:15.633] [DEBUG] cheese - login => username:admin,password:123456
[2020-07-11T12:50:15.633] [DEBUG] cheese - admin
[2020-07-11T12:50:15.636] [DEBUG] cheese - null
[2020-07-11T12:50:15.636] [DEBUG] cheese - null
